  error: subprocess-exited-with-error
  
  × Getting requirements to build wheel did not run successfully.
  │ exit code: 1
  ╰─> [28 lines of output]
      Package pangocairo was not found in the pkg-config search path.
      Perhaps you should add the directory containing `pangocairo.pc'
      to the PKG_CONFIG_PATH environment variable
      No package 'pangocairo' found
      Traceback (most recent call last):
        File "<string>", line 137, in check_min_version
        File "/scratch/users/eozlu21/micromamba/envs/sabanci-competition/lib/python3.10/subprocess.py", line 369, in check_call
          raise CalledProcessError(retcode, cmd)
      subprocess.CalledProcessError: Command '['pkg-config', '--print-errors', '--atleast-version', '1.30.0', 'pangocairo']' returned non-zero exit status 1.
      
      During handling of the above exception, another exception occurred:
      
      Traceback (most recent call last):
        File "/scratch/users/eozlu21/micromamba/envs/sabanci-competition/lib/python3.10/site-packages/pip/_vendor/pyproject_hooks/_in_process/_in_process.py", line 389, in <module>
          main()
        File "/scratch/users/eozlu21/micromamba/envs/sabanci-competition/lib/python3.10/site-packages/pip/_vendor/pyproject_hooks/_in_process/_in_process.py", line 373, in main
          json_out["return_val"] = hook(**hook_input["kwargs"])
        File "/scratch/users/eozlu21/micromamba/envs/sabanci-competition/lib/python3.10/site-packages/pip/_vendor/pyproject_hooks/_in_process/_in_process.py", line 143, in get_requires_for_build_wheel
          return hook(config_settings)
        File "/tmp/pip-build-env-plt4ench/overlay/lib/python3.10/site-packages/setuptools/build_meta.py", line 334, in get_requires_for_build_wheel
          return self._get_build_requires(config_settings, requirements=[])
        File "/tmp/pip-build-env-plt4ench/overlay/lib/python3.10/site-packages/setuptools/build_meta.py", line 304, in _get_build_requires
          self.run_setup()
        File "/tmp/pip-build-env-plt4ench/overlay/lib/python3.10/site-packages/setuptools/build_meta.py", line 320, in run_setup
          exec(code, locals())
        File "<string>", line 204, in <module>
        File "<string>", line 140, in check_min_version
      __main__.RequiredDependencyException: pangocairo >= 1.30.0 is required
      [end of output]
  
  note: This error originates from a subprocess, and is likely not a problem with pip.
error: subprocess-exited-with-error

× Getting requirements to build wheel did not run successfully.
│ exit code: 1
╰─> See above for output.

note: This error originates from a subprocess, and is likely not a problem with pip.
Traceback (most recent call last):
  File "/scratch/users/eozlu21/sabanci-competition/main.py", line 1, in <module>
    from gurobipy import GRB
ModuleNotFoundError: No module named 'gurobipy'
